SF:lib/services/api_service.dart
DA:10,1
DA:16,1
DA:17,1
DA:18,1
DA:19,1
DA:20,1
DA:35,1
DA:46,1
DA:47,1
DA:48,2
DA:49,2
DA:50,2
DA:52,4
DA:53,2
DA:54,2
DA:56,2
DA:57,2
DA:58,2
DA:60,2
DA:61,2
DA:78,1
DA:90,1
DA:91,2
DA:92,1
DA:94,1
DA:95,2
DA:96,2
DA:97,2
DA:98,2
DA:99,2
DA:100,2
DA:101,2
DA:102,2
DA:104,1
DA:105,3
DA:106,1
DA:115,0
DA:120,0
DA:121,0
DA:122,0
DA:123,0
DA:138,0
DA:144,0
DA:147,0
DA:149,0
DA:150,0
DA:151,0
DA:152,0
DA:153,0
DA:154,0
DA:157,0
DA:159,0
DA:160,0
DA:162,0
DA:163,0
DA:164,0
DA:165,0
DA:167,0
DA:169,0
DA:173,0
DA:174,0
DA:176,0
DA:177,0
DA:179,0
DA:184,0
DA:186,0
DA:187,0
DA:188,0
DA:189,0
DA:194,0
DA:195,0
DA:196,0
DA:197,0
DA:202,0
DA:208,0
DA:211,0
DA:213,0
DA:214,0
DA:221,0
DA:223,0
DA:224,0
DA:225,0
DA:227,0
DA:228,0
DA:231,0
DA:234,0
DA:236,0
DA:237,0
DA:238,0
DA:243,0
DA:244,0
DA:247,0
DA:248,0
LF:93
LH:36
end_of_record
SF:lib/screens/general_info_screen.dart
DA:9,1
DA:16,1
DA:18,2
DA:19,2
DA:21,0
DA:22,0
DA:23,0
DA:24,0
DA:27,0
DA:28,0
DA:33,1
DA:34,1
DA:37,1
DA:39,1
DA:41,1
DA:42,1
DA:45,1
DA:47,1
DA:48,1
DA:49,1
DA:51,1
DA:53,2
DA:60,1
DA:61,1
DA:63,1
DA:64,2
DA:65,2
DA:70,1
DA:71,1
DA:73,1
DA:74,2
DA:75,1
DA:77,2
DA:81,4
DA:83,1
DA:84,1
DA:86,1
DA:87,2
DA:88,2
DA:89,2
DA:95,1
DA:96,1
DA:99,1
DA:101,1
DA:102,1
DA:104,1
DA:106,2
DA:112,1
DA:113,1
DA:115,1
DA:119,1
LF:51
LH:45
end_of_record
